<?xml version="1.0" encoding="UTF-8"?>
<!-- Generated by org.testng.reporters.JUnitReportReporter -->
<testsuite hostname="Lena-TOSH" name="ru.st.selenium.pages.HomePageTest" tests="2" failures="0" timestamp="12 Apr 2015 18:07:04 GMT" time="0.170" errors="0">
  <testcase name="testH1Existing" time="0.162" classname="ru.st.selenium.pages.HomePageTest"/>
  <testcase name="test2" time="0.008" classname="ru.st.selenium.pages.HomePageTest"/>
</testsuite> <!-- ru.st.selenium.pages.HomePageTest -->
