<?xml version="1.0" encoding="UTF-8"?>
<!-- Generated by org.testng.reporters.JUnitReportReporter -->
<testsuite hostname="Lena-TOSH" name="ru.st.selenium.LoginTest" tests="1" failures="0" timestamp="12 Apr 2015 19:40:08 GMT" time="1.885" errors="0">
  <testcase name="testUntitled" time="1.885" classname="ru.st.selenium.LoginTest"/>
</testsuite> <!-- ru.st.selenium.LoginTest -->
